生成启动时间为 2019/1/16 16:33:44。
     1>项目“D:\cy\c++\interface\mp3dll\mp3dll\mp3dll.vcxproj”在节点 2 上(build 个目标)。
     1>InitializeBuildStatus:
         正在创建“Debug\mp3dll.unsuccessfulbuild”，因为已指定“AlwaysCreate”。
       ClCompile:
         所有输出均为最新。
         所有输出均为最新。
         C:\Program Files (x86)\Microsoft Visual Studio 10.0\VC\bin\CL.exe /c /ZI /nologo /W3 /WX- /Od /Oy- /D WIN32 /D _DEBUG /D _WINDOWS /D _USRDLL /D MP3DLL_EXPORTS /D _WINDLL /D _UNICODE /D UNICODE /Gm /EHsc /RTC1 /MDd /GS /fp:precise /Zc:wchar_t /Zc:forScope /Yu"StdAfx.h" /Fp"Debug\mp3dll.pch" /Fo"Debug\\" /Fd"Debug\vc100.pdb" /Gd /TP /analyze- /errorReport:prompt MP3Player.cpp
         MP3Player.cpp
       ManifestResourceCompile:
         所有输出均为最新。
       Link:
         C:\Program Files (x86)\Microsoft Visual Studio 10.0\VC\bin\link.exe /ERRORREPORT:PROMPT /OUT:"D:\cy\c++\interface\mp3dll\Debug\mp3dll.dll" /INCREMENTAL /NOLOGO kernel32.lib user32.lib gdi32.lib winspool.lib comdlg32.lib advapi32.lib shell32.lib ole32.lib oleaut32.lib uuid.lib odbc32.lib odbccp32.lib /MANIFEST /ManifestFile:"Debug\mp3dll.dll.intermediate.manifest" /MANIFESTUAC:"level='asInvoker' uiAccess='false'" /DEBUG /PDB:"D:\cy\c++\interface\mp3dll\Debug\mp3dll.pdb" /SUBSYSTEM:WINDOWS /TLBID:1 /DYNAMICBASE /NXCOMPAT /IMPLIB:"D:\cy\c++\interface\mp3dll\Debug\mp3dll.lib" /MACHINE:X86 /DLL Debug\mp3dll.dll.embed.manifest.res
         Debug\dllmain.obj
         Debug\mp3dll.obj
         Debug\MP3Player.obj
         Debug\stdafx.obj
       Manifest:
         C:\Program Files (x86)\Microsoft SDKs\Windows\v7.0A\bin\mt.exe /nologo /verbose /out:"Debug\mp3dll.dll.embed.manifest" /manifest Debug\mp3dll.dll.intermediate.manifest
         所有输出均为最新。
       LinkEmbedManifest:
         所有输出均为最新。
         mp3dll.vcxproj -> D:\cy\c++\interface\mp3dll\Debug\mp3dll.dll
       FinalizeBuildStatus:
         正在删除文件“Debug\mp3dll.unsuccessfulbuild”。
         正在对“Debug\mp3dll.lastbuildstate”执行 Touch 任务。
     1>已完成生成项目“D:\cy\c++\interface\mp3dll\mp3dll\mp3dll.vcxproj”(build 个目标)的操作。

生成成功。

已用时间 00:00:00.79
