生成启动时间为 2019/1/16 15:44:41。
     1>项目“D:\cy\c++\interface\MobileStorage\MobileStorage\MobileStorage.vcxproj”在节点 2 上(build 个目标)。
     1>InitializeBuildStatus:
         正在对“Debug\MobileStorage.unsuccessfulbuild”执行 Touch 任务。
       ClCompile:
         C:\Program Files (x86)\Microsoft Visual Studio 10.0\VC\bin\CL.exe /c /ZI /nologo /W3 /WX- /Od /Oy- /D WIN32 /D _DEBUG /D _CONSOLE /D _UNICODE /D UNICODE /Gm /EHsc /RTC1 /MDd /GS /fp:precise /Zc:wchar_t /Zc:forScope /Fo"Debug\\" /Fd"Debug\vc100.pdb" /Gd /TP /analyze- /errorReport:prompt main.cpp
         main.cpp
       ManifestResourceCompile:
         所有输出均为最新。
       Link:
         C:\Program Files (x86)\Microsoft Visual Studio 10.0\VC\bin\link.exe /ERRORREPORT:PROMPT /OUT:"D:\cy\c++\interface\MobileStorage\Debug\MobileStorage.exe" /INCREMENTAL /NOLOGO kernel32.lib user32.lib gdi32.lib winspool.lib comdlg32.lib advapi32.lib shell32.lib ole32.lib oleaut32.lib uuid.lib odbc32.lib odbccp32.lib /MANIFEST /ManifestFile:"Debug\MobileStorage.exe.intermediate.manifest" /MANIFESTUAC:"level='asInvoker' uiAccess='false'" /DEBUG /PDB:"D:\cy\c++\interface\MobileStorage\Debug\MobileStorage.pdb" /SUBSYSTEM:CONSOLE /TLBID:1 /DYNAMICBASE /NXCOMPAT /IMPLIB:"D:\cy\c++\interface\MobileStorage\Debug\MobileStorage.lib" /MACHINE:X86 Debug\MobileStorage.exe.embed.manifest.res
         Debug\main.obj
       Manifest:
         C:\Program Files (x86)\Microsoft SDKs\Windows\v7.0A\bin\mt.exe /nologo /verbose /out:"Debug\MobileStorage.exe.embed.manifest" /manifest Debug\MobileStorage.exe.intermediate.manifest
         所有输出均为最新。
       LinkEmbedManifest:
         所有输出均为最新。
         MobileStorage.vcxproj -> D:\cy\c++\interface\MobileStorage\Debug\MobileStorage.exe
       FinalizeBuildStatus:
         正在删除文件“Debug\MobileStorage.unsuccessfulbuild”。
         正在对“Debug\MobileStorage.lastbuildstate”执行 Touch 任务。
     1>已完成生成项目“D:\cy\c++\interface\MobileStorage\MobileStorage\MobileStorage.vcxproj”(build 个目标)的操作。

生成成功。

已用时间 00:00:00.97
